24.08.2021 17:37:23.287 [scheduling-1] INFO  c.s.i.a.s.EmailSendScheduler - Пользователю (Михаил Тарасов) отправлено напоминание о собеседовании с (Анжелка Полякова) на почту (test@mail.ru). Оно будет проведено (Wed Aug 25 00:00:00 MSK 2021)
24.08.2021 17:40:24.207 [scheduling-1] INFO  c.s.i.a.s.EmailSendScheduler - Пользователю (Михаил Тарасов) отправлено напоминание о собеседовании с (Анжелка Полякова) на почту (deadsoulinrussia@yandex.ru). Оно будет проведено (Wed Aug 25 00:00:00 MSK 2021)
24.08.2021 17:42:55.134 [scheduling-1] INFO  c.s.i.a.s.EmailSendScheduler - Пользователю (Михаил Тарасов) отправлено напоминание о собеседовании с (Анжелка Полякова) на почту (deadsoulinrussia@yandex.ru). Оно будет проведено (Wed Aug 25 00:00:00 MSK 2021)
24.08.2021 17:46:41.928 [scheduling-1] ERROR c.s.i.a.s.EmailSendScheduler - Не удалось отправить напоминание! {}
org.springframework.jms.UncategorizedJmsException: Uncategorized exception occurred during JMS processing; nested exception is javax.jms.JMSException: Cannot send, channel has already failed: tcp://127.0.0.1:61616
	at org.springframework.jms.support.JmsUtils.convertJmsAccessException(JmsUtils.java:311)
	at org.springframework.jms.support.JmsAccessor.convertJmsAccessException(JmsAccessor.java:185)
	at org.springframework.jms.core.JmsTemplate.execute(JmsTemplate.java:507)
	at org.springframework.jms.core.JmsTemplate.send(JmsTemplate.java:584)
	at org.springframework.jms.core.JmsTemplate.convertAndSend(JmsTemplate.java:661)
	at com.smartech.i2019.adaptiveinterviews.jms.JmsProducer.send(JmsProducer.java:18)
	at com.smartech.i2019.adaptiveinterviews.scheduler.EmailSendScheduler.jms(EmailSendScheduler.java:83)
	at com.smartech.i2019.adaptiveinterviews.scheduler.EmailSendScheduler.sendMailToRemindUsers(EmailSendScheduler.java:43)
	at com.smartech.i2019.adaptiveinterviews.scheduler.EmailSendScheduler$$FastClassBySpringCGLIB$$f0f5c11.invoke(<generated>)
	at org.springframework.cglib.proxy.MethodProxy.invoke(MethodProxy.java:218)
	at org.springframework.aop.framework.CglibAopProxy$CglibMethodInvocation.invokeJoinpoint(CglibAopProxy.java:779)
	at org.springframework.aop.framework.ReflectiveMethodInvocation.proceed(ReflectiveMethodInvocation.java:163)
	at org.springframework.aop.framework.CglibAopProxy$CglibMethodInvocation.proceed(CglibAopProxy.java:750)
	at org.springframework.transaction.interceptor.TransactionInterceptor$1.proceedWithInvocation(TransactionInterceptor.java:123)
	at org.springframework.transaction.interceptor.TransactionAspectSupport.invokeWithinTransaction(TransactionAspectSupport.java:388)
	at org.springframework.transaction.interceptor.TransactionInterceptor.invoke(TransactionInterceptor.java:119)
	at org.springframework.aop.framework.ReflectiveMethodInvocation.proceed(ReflectiveMethodInvocation.java:186)
	at org.springframework.aop.framework.CglibAopProxy$CglibMethodInvocation.proceed(CglibAopProxy.java:750)
	at org.springframework.aop.framework.CglibAopProxy$DynamicAdvisedInterceptor.intercept(CglibAopProxy.java:692)
	at com.smartech.i2019.adaptiveinterviews.scheduler.EmailSendScheduler$$EnhancerBySpringCGLIB$$1d933e16.sendMailToRemindUsers(<generated>)
	at sun.reflect.NativeMethodAccessorImpl.invoke0(Native Method)
	at sun.reflect.NativeMethodAccessorImpl.invoke(NativeMethodAccessorImpl.java:62)
	at sun.reflect.DelegatingMethodAccessorImpl.invoke(DelegatingMethodAccessorImpl.java:43)
	at java.lang.reflect.Method.invoke(Method.java:498)
	at org.springframework.scheduling.support.ScheduledMethodRunnable.run(ScheduledMethodRunnable.java:84)
	at org.springframework.scheduling.support.DelegatingErrorHandlingRunnable.run(DelegatingErrorHandlingRunnable.java:54)
	at org.springframework.scheduling.concurrent.ReschedulingRunnable.run(ReschedulingRunnable.java:95)
	at java.util.concurrent.Executors$RunnableAdapter.call(Executors.java:511)
	at java.util.concurrent.FutureTask.run$$$capture(FutureTask.java:266)
	at java.util.concurrent.FutureTask.run(FutureTask.java)
	at java.util.concurrent.ScheduledThreadPoolExecutor$ScheduledFutureTask.access$201(ScheduledThreadPoolExecutor.java:180)
	at java.util.concurrent.ScheduledThreadPoolExecutor$ScheduledFutureTask.run(ScheduledThreadPoolExecutor.java:293)
	at java.util.concurrent.ThreadPoolExecutor.runWorker(ThreadPoolExecutor.java:1149)
	at java.util.concurrent.ThreadPoolExecutor$Worker.run(ThreadPoolExecutor.java:624)
	at java.lang.Thread.run(Thread.java:748)
Caused by: javax.jms.JMSException: Cannot send, channel has already failed: tcp://127.0.0.1:61616
	at org.apache.activemq.util.JMSExceptionSupport.create(JMSExceptionSupport.java:72)
	at org.apache.activemq.ActiveMQConnection.syncSendPacket(ActiveMQConnection.java:1421)
	at org.apache.activemq.ActiveMQConnection.syncSendPacket(ActiveMQConnection.java:1436)
	at org.apache.activemq.ActiveMQConnection.syncSendPacket(ActiveMQConnection.java:1323)
	at org.apache.activemq.ActiveMQSession.send(ActiveMQSession.java:1981)
	at org.apache.activemq.ActiveMQMessageProducer.send(ActiveMQMessageProducer.java:288)
	at org.apache.activemq.ActiveMQMessageProducer.send(ActiveMQMessageProducer.java:223)
	at org.apache.activemq.ActiveMQMessageProducerSupport.send(ActiveMQMessageProducerSupport.java:269)
	at org.springframework.jms.connection.CachedMessageProducer.send(CachedMessageProducer.java:152)
	at org.springframework.jms.core.JmsTemplate.doSend(JmsTemplate.java:634)
	at org.springframework.jms.core.JmsTemplate.doSend(JmsTemplate.java:608)
	at org.springframework.jms.core.JmsTemplate.lambda$send$3(JmsTemplate.java:586)
	at org.springframework.jms.core.JmsTemplate.execute(JmsTemplate.java:504)
	... 32 common frames omitted
Caused by: org.apache.activemq.transport.InactivityIOException: Cannot send, channel has already failed: tcp://127.0.0.1:61616
	at org.apache.activemq.transport.AbstractInactivityMonitor.doOnewaySend(AbstractInactivityMonitor.java:328)
	at org.apache.activemq.transport.AbstractInactivityMonitor.oneway(AbstractInactivityMonitor.java:317)
	at org.apache.activemq.transport.TransportFilter.oneway(TransportFilter.java:94)
	at org.apache.activemq.transport.WireFormatNegotiator.oneway(WireFormatNegotiator.java:116)
	at org.apache.activemq.transport.MutexTransport.oneway(MutexTransport.java:68)
	at org.apache.activemq.transport.ResponseCorrelator.asyncRequest(ResponseCorrelator.java:81)
	at org.apache.activemq.transport.ResponseCorrelator.request(ResponseCorrelator.java:86)
	at org.apache.activemq.ActiveMQConnection.syncSendPacket(ActiveMQConnection.java:1392)
	... 43 common frames omitted
24.08.2021 17:47:05.611 [scheduling-1] INFO  c.s.i.a.j.JmsProducer - Email sending with data (EmailSendEvent(email=deadsoulinrussia@yandex.ru, username=Михаил Тарасов, employeeFullName=Анжелка Полякова, date=Wed Aug 25 00:00:00 MSK 2021)) sending to destination (queue.email)
24.08.2021 17:47:07.122 [scheduling-1] INFO  c.s.i.a.j.EventConventer - Исходящее сообщение: {"email":"deadsoulinrussia@yandex.ru","username":"Михаил Тарасов","employeeFullName":"Анжелка Полякова","date":"2021-08-24T21:00:00.000+00:00"}
24.08.2021 17:47:10.479 [scheduling-1] INFO  c.s.i.a.s.EmailSendScheduler - Пользователю (Михаил Тарасов) отправлено напоминание о собеседовании с (Анжелка Полякова) на почту (deadsoulinrussia@yandex.ru). Оно будет проведено (Wed Aug 25 00:00:00 MSK 2021)
24.08.2021 17:47:10.980 [org.springframework.jms.JmsListenerEndpointContainer#0-1] INFO  c.s.i.a.j.EventConventer - Входящее сообщение: {"email":"deadsoulinrussia@yandex.ru","username":"Михаил Тарасов","employeeFullName":"Анжелка Полякова","date":"2021-08-24T21:00:00.000+00:00"}
24.08.2021 17:47:25.682 [org.springframework.jms.JmsListenerEndpointContainer#0-1] INFO  c.s.i.a.j.JmsConsumer - Received message! Email has been send: (EmailSendEvent(email=deadsoulinrussia@yandex.ru, username=Михаил Тарасов, employeeFullName=Анжелка Полякова, date=Wed Aug 25 00:00:00 MSK 2021))
