16.08.2021 10:47:52.865 [http-nio-8080-exec-1] WARN  c.s.i.a.f.JwtRequestFilter - JWT Token has expired
io.jsonwebtoken.ExpiredJwtException: JWT expired at 2021-08-13T18:48:26Z. Current time: 2021-08-16T10:47:52Z, a difference of 230366861 milliseconds.  Allowed clock skew: 0 milliseconds.
	at io.jsonwebtoken.impl.DefaultJwtParser.parse(DefaultJwtParser.java:385)
	at io.jsonwebtoken.impl.DefaultJwtParser.parse(DefaultJwtParser.java:481)
	at io.jsonwebtoken.impl.DefaultJwtParser.parseClaimsJws(DefaultJwtParser.java:541)
	at com.smartech.i2019.adaptiveinterviews.security.JwtTokenUtil.getAllClaimsFromToken(JwtTokenUtil.java:37)
	at com.smartech.i2019.adaptiveinterviews.security.JwtTokenUtil.getClaimFromToken(JwtTokenUtil.java:32)
	at com.smartech.i2019.adaptiveinterviews.security.JwtTokenUtil.getUsernameFromToken(JwtTokenUtil.java:24)
	at com.smartech.i2019.adaptiveinterviews.filter.JwtRequestFilter.doFilterInternal(JwtRequestFilter.java:39)
	at org.springframework.web.filter.OncePerRequestFilter.doFilter(OncePerRequestFilter.java:119)
	at org.springframework.security.web.FilterChainProxy$VirtualFilterChain.doFilter(FilterChainProxy.java:336)
	at org.springframework.security.web.authentication.logout.LogoutFilter.doFilter(LogoutFilter.java:103)
	at org.springframework.security.web.authentication.logout.LogoutFilter.doFilter(LogoutFilter.java:89)
	at org.springframework.security.web.FilterChainProxy$VirtualFilterChain.doFilter(FilterChainProxy.java:336)
	at org.springframework.security.web.header.HeaderWriterFilter.doHeadersAfter(HeaderWriterFilter.java:90)
	at org.springframework.security.web.header.HeaderWriterFilter.doFilterInternal(HeaderWriterFilter.java:75)
	at org.springframework.web.filter.OncePerRequestFilter.doFilter(OncePerRequestFilter.java:119)
	at org.springframework.security.web.FilterChainProxy$VirtualFilterChain.doFilter(FilterChainProxy.java:336)
	at org.springframework.security.web.context.SecurityContextPersistenceFilter.doFilter(SecurityContextPersistenceFilter.java:110)
	at org.springframework.security.web.context.SecurityContextPersistenceFilter.doFilter(SecurityContextPersistenceFilter.java:80)
	at org.springframework.security.web.FilterChainProxy$VirtualFilterChain.doFilter(FilterChainProxy.java:336)
	at org.springframework.security.web.context.request.async.WebAsyncManagerIntegrationFilter.doFilterInternal(WebAsyncManagerIntegrationFilter.java:55)
	at org.springframework.web.filter.OncePerRequestFilter.doFilter(OncePerRequestFilter.java:119)
	at org.springframework.security.web.FilterChainProxy$VirtualFilterChain.doFilter(FilterChainProxy.java:336)
	at com.smartech.i2019.adaptiveinterviews.filter.CorsFilter.doFilterInternal(CorsFilter.java:25)
	at org.springframework.web.filter.OncePerRequestFilter.doFilter(OncePerRequestFilter.java:119)
	at org.springframework.security.web.FilterChainProxy$VirtualFilterChain.doFilter(FilterChainProxy.java:336)
	at org.springframework.security.web.FilterChainProxy.doFilterInternal(FilterChainProxy.java:211)
	at org.springframework.security.web.FilterChainProxy.doFilter(FilterChainProxy.java:183)
	at org.springframework.web.filter.DelegatingFilterProxy.invokeDelegate(DelegatingFilterProxy.java:358)
	at org.springframework.web.filter.DelegatingFilterProxy.doFilter(DelegatingFilterProxy.java:271)
	at org.apache.catalina.core.ApplicationFilterChain.internalDoFilter(ApplicationFilterChain.java:189)
	at org.apache.catalina.core.ApplicationFilterChain.doFilter(ApplicationFilterChain.java:162)
	at org.springframework.web.filter.RequestContextFilter.doFilterInternal(RequestContextFilter.java:100)
	at org.springframework.web.filter.OncePerRequestFilter.doFilter(OncePerRequestFilter.java:119)
	at org.apache.catalina.core.ApplicationFilterChain.internalDoFilter(ApplicationFilterChain.java:189)
	at org.apache.catalina.core.ApplicationFilterChain.doFilter(ApplicationFilterChain.java:162)
	at org.springframework.web.filter.FormContentFilter.doFilterInternal(FormContentFilter.java:93)
	at org.springframework.web.filter.OncePerRequestFilter.doFilter(OncePerRequestFilter.java:119)
	at org.apache.catalina.core.ApplicationFilterChain.internalDoFilter(ApplicationFilterChain.java:189)
	at org.apache.catalina.core.ApplicationFilterChain.doFilter(ApplicationFilterChain.java:162)
	at org.springframework.web.filter.CharacterEncodingFilter.doFilterInternal(CharacterEncodingFilter.java:201)
	at org.springframework.web.filter.OncePerRequestFilter.doFilter(OncePerRequestFilter.java:119)
	at org.apache.catalina.core.ApplicationFilterChain.internalDoFilter(ApplicationFilterChain.java:189)
	at org.apache.catalina.core.ApplicationFilterChain.doFilter(ApplicationFilterChain.java:162)
	at org.apache.catalina.core.StandardWrapperValve.invoke(StandardWrapperValve.java:202)
	at org.apache.catalina.core.StandardContextValve.invoke(StandardContextValve.java:97)
	at org.apache.catalina.authenticator.AuthenticatorBase.invoke(AuthenticatorBase.java:542)
	at org.apache.catalina.core.StandardHostValve.invoke(StandardHostValve.java:143)
	at org.apache.catalina.valves.ErrorReportValve.invoke(ErrorReportValve.java:92)
	at org.apache.catalina.core.StandardEngineValve.invoke(StandardEngineValve.java:78)
	at org.apache.catalina.connector.CoyoteAdapter.service(CoyoteAdapter.java:357)
	at org.apache.coyote.http11.Http11Processor.service(Http11Processor.java:374)
	at org.apache.coyote.AbstractProcessorLight.process(AbstractProcessorLight.java:65)
	at org.apache.coyote.AbstractProtocol$ConnectionHandler.process(AbstractProtocol.java:893)
	at org.apache.tomcat.util.net.NioEndpoint$SocketProcessor.doRun(NioEndpoint.java:1707)
	at org.apache.tomcat.util.net.SocketProcessorBase.run(SocketProcessorBase.java:49)
	at java.util.concurrent.ThreadPoolExecutor.runWorker(ThreadPoolExecutor.java:1149)
	at java.util.concurrent.ThreadPoolExecutor$Worker.run(ThreadPoolExecutor.java:624)
	at org.apache.tomcat.util.threads.TaskThread$WrappingRunnable.run(TaskThread.java:61)
	at java.lang.Thread.run(Thread.java:748)
16.08.2021 10:47:57.500 [http-nio-8080-exec-2] WARN  c.s.i.a.f.JwtRequestFilter - JWT Token has expired
io.jsonwebtoken.ExpiredJwtException: JWT expired at 2021-08-13T18:48:26Z. Current time: 2021-08-16T10:47:57Z, a difference of 230371500 milliseconds.  Allowed clock skew: 0 milliseconds.
	at io.jsonwebtoken.impl.DefaultJwtParser.parse(DefaultJwtParser.java:385)
	at io.jsonwebtoken.impl.DefaultJwtParser.parse(DefaultJwtParser.java:481)
	at io.jsonwebtoken.impl.DefaultJwtParser.parseClaimsJws(DefaultJwtParser.java:541)
	at com.smartech.i2019.adaptiveinterviews.security.JwtTokenUtil.getAllClaimsFromToken(JwtTokenUtil.java:37)
	at com.smartech.i2019.adaptiveinterviews.security.JwtTokenUtil.getClaimFromToken(JwtTokenUtil.java:32)
	at com.smartech.i2019.adaptiveinterviews.security.JwtTokenUtil.getUsernameFromToken(JwtTokenUtil.java:24)
	at com.smartech.i2019.adaptiveinterviews.filter.JwtRequestFilter.doFilterInternal(JwtRequestFilter.java:39)
	at org.springframework.web.filter.OncePerRequestFilter.doFilter(OncePerRequestFilter.java:119)
	at org.springframework.security.web.FilterChainProxy$VirtualFilterChain.doFilter(FilterChainProxy.java:336)
	at org.springframework.security.web.authentication.logout.LogoutFilter.doFilter(LogoutFilter.java:103)
	at org.springframework.security.web.authentication.logout.LogoutFilter.doFilter(LogoutFilter.java:89)
	at org.springframework.security.web.FilterChainProxy$VirtualFilterChain.doFilter(FilterChainProxy.java:336)
	at org.springframework.security.web.header.HeaderWriterFilter.doHeadersAfter(HeaderWriterFilter.java:90)
	at org.springframework.security.web.header.HeaderWriterFilter.doFilterInternal(HeaderWriterFilter.java:75)
	at org.springframework.web.filter.OncePerRequestFilter.doFilter(OncePerRequestFilter.java:119)
	at org.springframework.security.web.FilterChainProxy$VirtualFilterChain.doFilter(FilterChainProxy.java:336)
	at org.springframework.security.web.context.SecurityContextPersistenceFilter.doFilter(SecurityContextPersistenceFilter.java:110)
	at org.springframework.security.web.context.SecurityContextPersistenceFilter.doFilter(SecurityContextPersistenceFilter.java:80)
	at org.springframework.security.web.FilterChainProxy$VirtualFilterChain.doFilter(FilterChainProxy.java:336)
	at org.springframework.security.web.context.request.async.WebAsyncManagerIntegrationFilter.doFilterInternal(WebAsyncManagerIntegrationFilter.java:55)
	at org.springframework.web.filter.OncePerRequestFilter.doFilter(OncePerRequestFilter.java:119)
	at org.springframework.security.web.FilterChainProxy$VirtualFilterChain.doFilter(FilterChainProxy.java:336)
	at com.smartech.i2019.adaptiveinterviews.filter.CorsFilter.doFilterInternal(CorsFilter.java:25)
	at org.springframework.web.filter.OncePerRequestFilter.doFilter(OncePerRequestFilter.java:119)
	at org.springframework.security.web.FilterChainProxy$VirtualFilterChain.doFilter(FilterChainProxy.java:336)
	at org.springframework.security.web.FilterChainProxy.doFilterInternal(FilterChainProxy.java:211)
	at org.springframework.security.web.FilterChainProxy.doFilter(FilterChainProxy.java:183)
	at org.springframework.web.filter.DelegatingFilterProxy.invokeDelegate(DelegatingFilterProxy.java:358)
	at org.springframework.web.filter.DelegatingFilterProxy.doFilter(DelegatingFilterProxy.java:271)
	at org.apache.catalina.core.ApplicationFilterChain.internalDoFilter(ApplicationFilterChain.java:189)
	at org.apache.catalina.core.ApplicationFilterChain.doFilter(ApplicationFilterChain.java:162)
	at org.springframework.web.filter.RequestContextFilter.doFilterInternal(RequestContextFilter.java:100)
	at org.springframework.web.filter.OncePerRequestFilter.doFilter(OncePerRequestFilter.java:119)
	at org.apache.catalina.core.ApplicationFilterChain.internalDoFilter(ApplicationFilterChain.java:189)
	at org.apache.catalina.core.ApplicationFilterChain.doFilter(ApplicationFilterChain.java:162)
	at org.springframework.web.filter.FormContentFilter.doFilterInternal(FormContentFilter.java:93)
	at org.springframework.web.filter.OncePerRequestFilter.doFilter(OncePerRequestFilter.java:119)
	at org.apache.catalina.core.ApplicationFilterChain.internalDoFilter(ApplicationFilterChain.java:189)
	at org.apache.catalina.core.ApplicationFilterChain.doFilter(ApplicationFilterChain.java:162)
	at org.springframework.web.filter.CharacterEncodingFilter.doFilterInternal(CharacterEncodingFilter.java:201)
	at org.springframework.web.filter.OncePerRequestFilter.doFilter(OncePerRequestFilter.java:119)
	at org.apache.catalina.core.ApplicationFilterChain.internalDoFilter(ApplicationFilterChain.java:189)
	at org.apache.catalina.core.ApplicationFilterChain.doFilter(ApplicationFilterChain.java:162)
	at org.apache.catalina.core.StandardWrapperValve.invoke(StandardWrapperValve.java:202)
	at org.apache.catalina.core.StandardContextValve.invoke(StandardContextValve.java:97)
	at org.apache.catalina.authenticator.AuthenticatorBase.invoke(AuthenticatorBase.java:542)
	at org.apache.catalina.core.StandardHostValve.invoke(StandardHostValve.java:143)
	at org.apache.catalina.valves.ErrorReportValve.invoke(ErrorReportValve.java:92)
	at org.apache.catalina.core.StandardEngineValve.invoke(StandardEngineValve.java:78)
	at org.apache.catalina.connector.CoyoteAdapter.service(CoyoteAdapter.java:357)
	at org.apache.coyote.http11.Http11Processor.service(Http11Processor.java:374)
	at org.apache.coyote.AbstractProcessorLight.process(AbstractProcessorLight.java:65)
	at org.apache.coyote.AbstractProtocol$ConnectionHandler.process(AbstractProtocol.java:893)
	at org.apache.tomcat.util.net.NioEndpoint$SocketProcessor.doRun(NioEndpoint.java:1707)
	at org.apache.tomcat.util.net.SocketProcessorBase.run(SocketProcessorBase.java:49)
	at java.util.concurrent.ThreadPoolExecutor.runWorker(ThreadPoolExecutor.java:1149)
	at java.util.concurrent.ThreadPoolExecutor$Worker.run(ThreadPoolExecutor.java:624)
	at org.apache.tomcat.util.threads.TaskThread$WrappingRunnable.run(TaskThread.java:61)
	at java.lang.Thread.run(Thread.java:748)
16.08.2021 10:48:07.173 [http-nio-8080-exec-3] WARN  c.s.i.a.f.JwtRequestFilter - JWT Token does not begin with Bearer String
16.08.2021 10:48:09.936 [http-nio-8080-exec-4] WARN  c.s.i.a.f.JwtRequestFilter - JWT Token does not begin with Bearer String
16.08.2021 10:48:10.027 [http-nio-8080-exec-4] WARN  c.s.i.a.c.JwtAuthenticationController - Вход администратора под никнеймом: (ADMIN)
16.08.2021 10:48:49.092 [http-nio-8080-exec-1] WARN  c.s.i.a.f.JwtRequestFilter - JWT Token does not begin with Bearer String
16.08.2021 10:49:27.832 [http-nio-8080-exec-3] WARN  c.s.i.a.f.JwtRequestFilter - JWT Token does not begin with Bearer String
16.08.2021 11:01:19.607 [http-nio-8080-exec-7] WARN  c.s.i.a.f.JwtRequestFilter - JWT Token does not begin with Bearer String
16.08.2021 11:02:16.653 [http-nio-8080-exec-5] WARN  c.s.i.a.f.JwtRequestFilter - JWT Token does not begin with Bearer String
16.08.2021 11:02:18.121 [http-nio-8080-exec-9] WARN  c.s.i.a.f.JwtRequestFilter - JWT Token does not begin with Bearer String
16.08.2021 11:02:23.818 [http-nio-8080-exec-10] WARN  c.s.i.a.f.JwtRequestFilter - JWT Token does not begin with Bearer String
16.08.2021 11:02:27.852 [http-nio-8080-exec-1] WARN  c.s.i.a.f.JwtRequestFilter - JWT Token does not begin with Bearer String
16.08.2021 11:05:14.880 [http-nio-8080-exec-1] WARN  c.s.i.a.f.JwtRequestFilter - JWT Token does not begin with Bearer String
16.08.2021 11:05:29.703 [http-nio-8080-exec-2] WARN  c.s.i.a.f.JwtRequestFilter - JWT Token does not begin with Bearer String
16.08.2021 11:27:34.081 [http-nio-8080-exec-1] WARN  c.s.i.a.f.JwtRequestFilter - JWT Token does not begin with Bearer String
16.08.2021 11:27:41.795 [http-nio-8080-exec-2] WARN  c.s.i.a.f.JwtRequestFilter - JWT Token does not begin with Bearer String
16.08.2021 11:27:47.651 [http-nio-8080-exec-3] WARN  c.s.i.a.f.JwtRequestFilter - JWT Token does not begin with Bearer String
16.08.2021 11:55:51.581 [http-nio-8080-exec-2] WARN  c.s.i.a.f.JwtRequestFilter - JWT Token does not begin with Bearer String
16.08.2021 11:55:57.994 [http-nio-8080-exec-1] WARN  c.s.i.a.f.JwtRequestFilter - JWT Token does not begin with Bearer String
16.08.2021 11:56:04.068 [http-nio-8080-exec-4] WARN  c.s.i.a.f.JwtRequestFilter - JWT Token does not begin with Bearer String
16.08.2021 11:56:14.076 [http-nio-8080-exec-3] WARN  c.s.i.a.f.JwtRequestFilter - JWT Token does not begin with Bearer String
16.08.2021 11:56:42.204 [http-nio-8080-exec-6] WARN  c.s.i.a.f.JwtRequestFilter - JWT Token does not begin with Bearer String
16.08.2021 11:56:50.181 [http-nio-8080-exec-8] WARN  c.s.i.a.f.JwtRequestFilter - JWT Token does not begin with Bearer String
16.08.2021 11:56:55.942 [http-nio-8080-exec-7] WARN  c.s.i.a.f.JwtRequestFilter - JWT Token does not begin with Bearer String
16.08.2021 11:56:56.243 [http-nio-8080-exec-9] WARN  c.s.i.a.f.JwtRequestFilter - JWT Token does not begin with Bearer String
16.08.2021 11:57:10.318 [http-nio-8080-exec-10] WARN  c.s.i.a.f.JwtRequestFilter - JWT Token does not begin with Bearer String
16.08.2021 11:57:15.129 [http-nio-8080-exec-2] WARN  c.s.i.a.f.JwtRequestFilter - JWT Token does not begin with Bearer String
16.08.2021 11:57:15.389 [http-nio-8080-exec-1] WARN  c.s.i.a.f.JwtRequestFilter - JWT Token does not begin with Bearer String
16.08.2021 12:06:48.629 [http-nio-8080-exec-7] WARN  c.s.i.a.f.JwtRequestFilter - JWT Token does not begin with Bearer String
16.08.2021 12:07:13.232 [http-nio-8080-exec-10] WARN  c.s.i.a.f.JwtRequestFilter - JWT Token does not begin with Bearer String
16.08.2021 12:07:46.523 [http-nio-8080-exec-2] WARN  c.s.i.a.f.JwtRequestFilter - JWT Token does not begin with Bearer String
16.08.2021 12:07:49.164 [http-nio-8080-exec-1] WARN  c.s.i.a.f.JwtRequestFilter - JWT Token does not begin with Bearer String
16.08.2021 12:07:57.171 [http-nio-8080-exec-4] WARN  c.s.i.a.f.JwtRequestFilter - JWT Token does not begin with Bearer String
16.08.2021 12:07:58.927 [http-nio-8080-exec-3] WARN  c.s.i.a.f.JwtRequestFilter - JWT Token does not begin with Bearer String
16.08.2021 12:07:59.179 [http-nio-8080-exec-5] WARN  c.s.i.a.f.JwtRequestFilter - JWT Token does not begin with Bearer String
16.08.2021 12:07:59.331 [http-nio-8080-exec-6] WARN  c.s.i.a.f.JwtRequestFilter - JWT Token does not begin with Bearer String
16.08.2021 12:07:59.503 [http-nio-8080-exec-8] WARN  c.s.i.a.f.JwtRequestFilter - JWT Token does not begin with Bearer String
16.08.2021 12:07:59.701 [http-nio-8080-exec-7] WARN  c.s.i.a.f.JwtRequestFilter - JWT Token does not begin with Bearer String
16.08.2021 12:07:59.873 [http-nio-8080-exec-9] WARN  c.s.i.a.f.JwtRequestFilter - JWT Token does not begin with Bearer String
16.08.2021 12:08:00.079 [http-nio-8080-exec-10] WARN  c.s.i.a.f.JwtRequestFilter - JWT Token does not begin with Bearer String
16.08.2021 12:08:00.267 [http-nio-8080-exec-2] WARN  c.s.i.a.f.JwtRequestFilter - JWT Token does not begin with Bearer String
16.08.2021 12:08:00.471 [http-nio-8080-exec-1] WARN  c.s.i.a.f.JwtRequestFilter - JWT Token does not begin with Bearer String
16.08.2021 12:08:14.026 [http-nio-8080-exec-4] WARN  c.s.i.a.f.JwtRequestFilter - JWT Token does not begin with Bearer String
16.08.2021 12:08:20.481 [http-nio-8080-exec-3] WARN  c.s.i.a.f.JwtRequestFilter - JWT Token does not begin with Bearer String
16.08.2021 12:08:28.409 [http-nio-8080-exec-5] WARN  c.s.i.a.f.JwtRequestFilter - JWT Token does not begin with Bearer String
16.08.2021 12:09:04.353 [http-nio-8080-exec-6] WARN  c.s.i.a.f.JwtRequestFilter - JWT Token does not begin with Bearer String
16.08.2021 12:09:05.113 [http-nio-8080-exec-8] WARN  c.s.i.a.f.JwtRequestFilter - JWT Token does not begin with Bearer String
16.08.2021 12:09:05.776 [http-nio-8080-exec-7] WARN  c.s.i.a.f.JwtRequestFilter - JWT Token does not begin with Bearer String
16.08.2021 12:09:06.344 [http-nio-8080-exec-9] WARN  c.s.i.a.f.JwtRequestFilter - JWT Token does not begin with Bearer String
16.08.2021 12:09:14.184 [http-nio-8080-exec-10] WARN  c.s.i.a.f.JwtRequestFilter - JWT Token does not begin with Bearer String
16.08.2021 12:09:15.424 [http-nio-8080-exec-2] WARN  c.s.i.a.f.JwtRequestFilter - JWT Token does not begin with Bearer String
16.08.2021 12:12:44.628 [http-nio-8080-exec-1] WARN  c.s.i.a.f.JwtRequestFilter - JWT Token does not begin with Bearer String
16.08.2021 12:15:55.160 [http-nio-8080-exec-4] WARN  c.s.i.a.f.JwtRequestFilter - JWT Token does not begin with Bearer String
16.08.2021 12:17:04.628 [http-nio-8080-exec-2] WARN  c.s.i.a.f.JwtRequestFilter - JWT Token does not begin with Bearer String
16.08.2021 12:17:14.652 [http-nio-8080-exec-1] WARN  c.s.i.a.f.JwtRequestFilter - JWT Token does not begin with Bearer String
16.08.2021 12:17:27.829 [http-nio-8080-exec-3] WARN  c.s.i.a.f.JwtRequestFilter - JWT Token does not begin with Bearer String
16.08.2021 12:27:10.120 [http-nio-8080-exec-2] WARN  c.s.i.a.f.JwtRequestFilter - JWT Token does not begin with Bearer String
16.08.2021 12:27:25.279 [http-nio-8080-exec-1] WARN  c.s.i.a.f.JwtRequestFilter - JWT Token does not begin with Bearer String
16.08.2021 12:28:43.154 [http-nio-8080-exec-1] WARN  c.s.i.a.f.JwtRequestFilter - JWT Token does not begin with Bearer String
16.08.2021 13:11:57.906 [http-nio-8080-exec-2] WARN  c.s.i.a.f.JwtRequestFilter - JWT Token does not begin with Bearer String
16.08.2021 13:17:06.091 [http-nio-8080-exec-2] WARN  c.s.i.a.f.JwtRequestFilter - JWT Token does not begin with Bearer String
16.08.2021 13:17:13.499 [http-nio-8080-exec-1] WARN  c.s.i.a.f.JwtRequestFilter - JWT Token does not begin with Bearer String
16.08.2021 13:17:32.806 [http-nio-8080-exec-3] WARN  c.s.i.a.f.JwtRequestFilter - JWT Token does not begin with Bearer String
16.08.2021 13:17:53.479 [http-nio-8080-exec-4] WARN  c.s.i.a.f.JwtRequestFilter - JWT Token does not begin with Bearer String
16.08.2021 13:56:00.558 [http-nio-8080-exec-8] WARN  c.s.i.a.f.JwtRequestFilter - JWT Token does not begin with Bearer String
16.08.2021 13:56:09.362 [http-nio-8080-exec-9] WARN  c.s.i.a.f.JwtRequestFilter - JWT Token does not begin with Bearer String
16.08.2021 13:56:17.280 [http-nio-8080-exec-10] WARN  c.s.i.a.f.JwtRequestFilter - JWT Token does not begin with Bearer String
16.08.2021 13:56:25.848 [http-nio-8080-exec-2] WARN  c.s.i.a.f.JwtRequestFilter - JWT Token does not begin with Bearer String
16.08.2021 13:59:48.825 [http-nio-8080-exec-10] WARN  c.s.i.a.f.JwtRequestFilter - JWT Token does not begin with Bearer String
16.08.2021 13:59:53.337 [http-nio-8080-exec-2] WARN  c.s.i.a.f.JwtRequestFilter - JWT Token does not begin with Bearer String
16.08.2021 14:04:14.705 [http-nio-8080-exec-6] WARN  c.s.i.a.f.JwtRequestFilter - JWT Token does not begin with Bearer String
16.08.2021 14:09:54.510 [http-nio-8080-exec-9] WARN  c.s.i.a.f.JwtRequestFilter - JWT Token does not begin with Bearer String
16.08.2021 14:19:52.876 [http-nio-8080-exec-5] WARN  c.s.i.a.f.JwtRequestFilter - JWT Token does not begin with Bearer String
16.08.2021 14:19:52.945 [http-nio-8080-exec-5] WARN  c.s.i.a.c.JwtAuthenticationController - Вход администратора под никнеймом: (check)
16.08.2021 14:20:02.610 [http-nio-8080-exec-10] WARN  c.s.i.a.f.JwtRequestFilter - JWT Token does not begin with Bearer String
16.08.2021 14:20:05.386 [http-nio-8080-exec-9] WARN  c.s.i.a.f.JwtRequestFilter - JWT Token does not begin with Bearer String
16.08.2021 14:20:05.691 [http-nio-8080-exec-2] WARN  c.s.i.a.f.JwtRequestFilter - JWT Token does not begin with Bearer String
16.08.2021 14:20:08.538 [http-nio-8080-exec-1] WARN  c.s.i.a.f.JwtRequestFilter - JWT Token does not begin with Bearer String
16.08.2021 14:20:10.636 [http-nio-8080-exec-5] WARN  c.s.i.a.f.JwtRequestFilter - JWT Token does not begin with Bearer String
16.08.2021 14:20:10.701 [http-nio-8080-exec-5] WARN  c.s.i.a.c.JwtAuthenticationController - Вход администратора под никнеймом: (admin)
16.08.2021 14:30:36.012 [http-nio-8080-exec-3] WARN  c.s.i.a.f.JwtRequestFilter - JWT Token does not begin with Bearer String
16.08.2021 15:18:07.762 [http-nio-8080-exec-3] WARN  c.s.i.a.f.JwtRequestFilter - JWT Token does not begin with Bearer String
16.08.2021 15:22:17.182 [http-nio-8080-exec-2] WARN  c.s.i.a.f.JwtRequestFilter - JWT Token does not begin with Bearer String
16.08.2021 15:37:34.884 [http-nio-8080-exec-2] WARN  c.s.i.a.f.JwtRequestFilter - JWT Token does not begin with Bearer String
16.08.2021 15:38:51.865 [http-nio-8080-exec-3] WARN  c.s.i.a.f.JwtRequestFilter - JWT Token does not begin with Bearer String
16.08.2021 15:38:57.273 [http-nio-8080-exec-10] WARN  c.s.i.a.f.JwtRequestFilter - JWT Token does not begin with Bearer String
16.08.2021 15:39:05.173 [http-nio-8080-exec-2] WARN  c.s.i.a.f.JwtRequestFilter - JWT Token does not begin with Bearer String
16.08.2021 15:39:14.804 [http-nio-8080-exec-3] WARN  c.s.i.a.f.JwtRequestFilter - JWT Token does not begin with Bearer String
16.08.2021 15:39:15.843 [http-nio-8080-exec-4] WARN  c.s.i.a.f.JwtRequestFilter - JWT Token does not begin with Bearer String
16.08.2021 15:39:21.364 [http-nio-8080-exec-5] WARN  c.s.i.a.f.JwtRequestFilter - JWT Token does not begin with Bearer String
16.08.2021 15:39:26.256 [http-nio-8080-exec-6] WARN  c.s.i.a.f.JwtRequestFilter - JWT Token does not begin with Bearer String
16.08.2021 15:39:33.513 [http-nio-8080-exec-7] WARN  c.s.i.a.f.JwtRequestFilter - JWT Token does not begin with Bearer String
16.08.2021 15:39:40.223 [http-nio-8080-exec-8] WARN  c.s.i.a.f.JwtRequestFilter - JWT Token does not begin with Bearer String
16.08.2021 15:39:41.354 [http-nio-8080-exec-9] WARN  c.s.i.a.f.JwtRequestFilter - JWT Token does not begin with Bearer String
16.08.2021 15:39:45.345 [http-nio-8080-exec-10] WARN  c.s.i.a.f.JwtRequestFilter - JWT Token does not begin with Bearer String
16.08.2021 15:39:47.859 [http-nio-8080-exec-1] WARN  c.s.i.a.f.JwtRequestFilter - JWT Token does not begin with Bearer String
16.08.2021 15:39:50.485 [http-nio-8080-exec-2] WARN  c.s.i.a.f.JwtRequestFilter - JWT Token does not begin with Bearer String
16.08.2021 15:40:12.196 [http-nio-8080-exec-3] WARN  c.s.i.a.f.JwtRequestFilter - JWT Token does not begin with Bearer String
16.08.2021 15:40:13.018 [http-nio-8080-exec-4] WARN  c.s.i.a.f.JwtRequestFilter - JWT Token does not begin with Bearer String
16.08.2021 15:40:14.850 [http-nio-8080-exec-5] WARN  c.s.i.a.f.JwtRequestFilter - JWT Token does not begin with Bearer String
16.08.2021 15:40:20.977 [http-nio-8080-exec-10] WARN  c.s.i.a.f.JwtRequestFilter - JWT Token does not begin with Bearer String
16.08.2021 15:41:18.951 [http-nio-8080-exec-2] WARN  c.s.i.a.f.JwtRequestFilter - JWT Token does not begin with Bearer String
16.08.2021 15:41:19.231 [http-nio-8080-exec-4] WARN  c.s.i.a.f.JwtRequestFilter - JWT Token does not begin with Bearer String
16.08.2021 15:43:01.723 [http-nio-8080-exec-10] WARN  c.s.i.a.f.JwtRequestFilter - JWT Token does not begin with Bearer String
16.08.2021 15:43:09.214 [http-nio-8080-exec-1] WARN  c.s.i.a.f.JwtRequestFilter - JWT Token does not begin with Bearer String
16.08.2021 15:43:09.284 [http-nio-8080-exec-1] WARN  c.s.i.a.c.JwtAuthenticationController - Вход администратора под никнеймом: (check)
16.08.2021 15:43:22.424 [http-nio-8080-exec-4] WARN  c.s.i.a.f.JwtRequestFilter - JWT Token does not begin with Bearer String
16.08.2021 15:43:25.468 [http-nio-8080-exec-5] WARN  c.s.i.a.f.JwtRequestFilter - JWT Token does not begin with Bearer String
16.08.2021 15:45:00.288 [http-nio-8080-exec-7] WARN  c.s.i.a.f.JwtRequestFilter - JWT Token does not begin with Bearer String
16.08.2021 15:45:00.362 [http-nio-8080-exec-7] WARN  c.s.i.a.c.JwtAuthenticationController - Вход администратора под никнеймом: (check)
16.08.2021 15:45:05.818 [http-nio-8080-exec-9] WARN  c.s.i.a.f.JwtRequestFilter - JWT Token does not begin with Bearer String
16.08.2021 15:45:09.226 [http-nio-8080-exec-5] WARN  c.s.i.a.f.JwtRequestFilter - JWT Token does not begin with Bearer String
16.08.2021 15:45:17.989 [http-nio-8080-exec-9] WARN  c.s.i.a.f.JwtRequestFilter - JWT Token does not begin with Bearer String
16.08.2021 15:45:22.088 [http-nio-8080-exec-3] WARN  c.s.i.a.f.JwtRequestFilter - JWT Token does not begin with Bearer String
16.08.2021 15:45:39.556 [http-nio-8080-exec-7] WARN  c.s.i.a.f.JwtRequestFilter - JWT Token does not begin with Bearer String
16.08.2021 15:45:43.324 [http-nio-8080-exec-9] WARN  c.s.i.a.f.JwtRequestFilter - JWT Token does not begin with Bearer String
16.08.2021 15:45:43.386 [http-nio-8080-exec-9] WARN  c.s.i.a.c.JwtAuthenticationController - Вход администратора под никнеймом: (check)
16.08.2021 15:45:49.058 [http-nio-8080-exec-4] WARN  c.s.i.a.f.JwtRequestFilter - JWT Token does not begin with Bearer String
16.08.2021 15:46:10.949 [http-nio-8080-exec-6] WARN  c.s.i.a.f.JwtRequestFilter - JWT Token does not begin with Bearer String
16.08.2021 15:46:36.708 [http-nio-8080-exec-8] WARN  c.s.i.a.f.JwtRequestFilter - JWT Token does not begin with Bearer String
16.08.2021 15:47:09.533 [http-nio-8080-exec-10] WARN  c.s.i.a.f.JwtRequestFilter - JWT Token does not begin with Bearer String
16.08.2021 15:48:40.833 [http-nio-8080-exec-1] WARN  c.s.i.a.f.JwtRequestFilter - JWT Token does not begin with Bearer String
16.08.2021 15:48:44.660 [http-nio-8080-exec-6] WARN  c.s.i.a.f.JwtRequestFilter - JWT Token does not begin with Bearer String
16.08.2021 15:48:49.615 [http-nio-8080-exec-10] WARN  c.s.i.a.f.JwtRequestFilter - JWT Token does not begin with Bearer String
16.08.2021 15:49:06.979 [http-nio-8080-exec-8] WARN  c.s.i.a.f.JwtRequestFilter - JWT Token does not begin with Bearer String
16.08.2021 15:49:07.041 [http-nio-8080-exec-8] WARN  c.s.i.a.c.JwtAuthenticationController - Вход администратора под никнеймом: (check)
16.08.2021 15:49:07.228 [http-nio-8080-exec-9] WARN  c.s.i.a.f.JwtRequestFilter - JWT Token does not begin with Bearer String
16.08.2021 15:49:07.291 [http-nio-8080-exec-9] WARN  c.s.i.a.c.JwtAuthenticationController - Вход администратора под никнеймом: (check)
16.08.2021 15:50:06.047 [http-nio-8080-exec-2] WARN  c.s.i.a.f.JwtRequestFilter - JWT Token does not begin with Bearer String
16.08.2021 15:51:53.028 [http-nio-8080-exec-5] WARN  c.s.i.a.f.JwtRequestFilter - JWT Token does not begin with Bearer String
16.08.2021 15:51:53.090 [http-nio-8080-exec-5] WARN  c.s.i.a.c.JwtAuthenticationController - Вход администратора под никнеймом: (check)
16.08.2021 15:52:45.151 [http-nio-8080-exec-3] WARN  c.s.i.a.f.JwtRequestFilter - JWT Token does not begin with Bearer String
16.08.2021 15:52:46.588 [http-nio-8080-exec-4] WARN  c.s.i.a.f.JwtRequestFilter - JWT Token does not begin with Bearer String
16.08.2021 15:52:56.252 [http-nio-8080-exec-10] WARN  c.s.i.a.f.JwtRequestFilter - JWT Token does not begin with Bearer String
16.08.2021 15:52:56.319 [http-nio-8080-exec-10] WARN  c.s.i.a.c.JwtAuthenticationController - Вход администратора под никнеймом: (admin)
16.08.2021 15:53:03.198 [http-nio-8080-exec-5] WARN  c.s.i.a.f.JwtRequestFilter - JWT Token does not begin with Bearer String
16.08.2021 15:53:47.796 [http-nio-8080-exec-1] WARN  c.s.i.a.f.JwtRequestFilter - JWT Token does not begin with Bearer String
16.08.2021 15:53:47.860 [http-nio-8080-exec-1] WARN  c.s.i.a.c.JwtAuthenticationController - Вход администратора под никнеймом: (admin)
16.08.2021 15:53:57.878 [http-nio-8080-exec-5] WARN  c.s.i.a.f.JwtRequestFilter - JWT Token does not begin with Bearer String
16.08.2021 15:53:57.942 [http-nio-8080-exec-5] WARN  c.s.i.a.c.JwtAuthenticationController - Вход администратора под никнеймом: (admin)
16.08.2021 15:54:05.561 [http-nio-8080-exec-7] WARN  c.s.i.a.f.JwtRequestFilter - JWT Token does not begin with Bearer String
16.08.2021 15:54:05.630 [http-nio-8080-exec-7] WARN  c.s.i.a.c.JwtAuthenticationController - Вход администратора под никнеймом: (admin)
16.08.2021 15:54:31.502 [http-nio-8080-exec-2] WARN  c.s.i.a.f.JwtRequestFilter - JWT Token does not begin with Bearer String
16.08.2021 15:56:19.418 [http-nio-8080-exec-5] WARN  c.s.i.a.f.JwtRequestFilter - JWT Token does not begin with Bearer String
16.08.2021 15:56:22.690 [http-nio-8080-exec-6] WARN  c.s.i.a.f.JwtRequestFilter - JWT Token does not begin with Bearer String
16.08.2021 15:56:25.172 [http-nio-8080-exec-7] WARN  c.s.i.a.f.JwtRequestFilter - JWT Token does not begin with Bearer String
16.08.2021 15:56:41.774 [http-nio-8080-exec-3] WARN  c.s.i.a.f.JwtRequestFilter - JWT Token does not begin with Bearer String
16.08.2021 15:56:43.637 [http-nio-8080-exec-5] WARN  c.s.i.a.f.JwtRequestFilter - JWT Token does not begin with Bearer String
16.08.2021 15:56:46.438 [http-nio-8080-exec-6] WARN  c.s.i.a.f.JwtRequestFilter - JWT Token does not begin with Bearer String
16.08.2021 15:56:49.875 [http-nio-8080-exec-7] WARN  c.s.i.a.f.JwtRequestFilter - JWT Token does not begin with Bearer String
16.08.2021 15:56:51.358 [http-nio-8080-exec-8] WARN  c.s.i.a.f.JwtRequestFilter - JWT Token does not begin with Bearer String
16.08.2021 15:57:36.248 [http-nio-8080-exec-10] WARN  c.s.i.a.f.JwtRequestFilter - JWT Token does not begin with Bearer String
16.08.2021 15:57:39.812 [http-nio-8080-exec-9] WARN  c.s.i.a.f.JwtRequestFilter - JWT Token does not begin with Bearer String
16.08.2021 15:57:39.892 [http-nio-8080-exec-9] WARN  c.s.i.a.c.JwtAuthenticationController - Вход администратора под никнеймом: (test)
16.08.2021 15:57:52.332 [http-nio-8080-exec-8] WARN  c.s.i.a.f.JwtRequestFilter - JWT Token does not begin with Bearer String
16.08.2021 15:57:52.405 [http-nio-8080-exec-8] WARN  c.s.i.a.c.JwtAuthenticationController - Вход администратора под никнеймом: (test)
16.08.2021 15:59:13.259 [http-nio-8080-exec-3] WARN  c.s.i.a.f.JwtRequestFilter - JWT Token does not begin with Bearer String
16.08.2021 15:59:13.330 [http-nio-8080-exec-3] WARN  c.s.i.a.c.JwtAuthenticationController - Вход администратора под никнеймом: (test)
16.08.2021 15:59:20.167 [http-nio-8080-exec-8] WARN  c.s.i.a.f.JwtRequestFilter - JWT Token does not begin with Bearer String
16.08.2021 15:59:20.236 [http-nio-8080-exec-8] WARN  c.s.i.a.c.JwtAuthenticationController - Вход администратора под никнеймом: (test)
16.08.2021 16:03:47.998 [http-nio-8080-exec-3] WARN  c.s.i.a.f.JwtRequestFilter - JWT Token does not begin with Bearer String
16.08.2021 16:03:48.056 [http-nio-8080-exec-3] WARN  c.s.i.a.c.JwtAuthenticationController - Вход администратора под никнеймом: (test)
16.08.2021 16:04:01.671 [http-nio-8080-exec-8] WARN  c.s.i.a.f.JwtRequestFilter - JWT Token does not begin with Bearer String
16.08.2021 16:11:51.432 [http-nio-8080-exec-7] WARN  c.s.i.a.f.JwtRequestFilter - JWT Token does not begin with Bearer String
16.08.2021 16:11:51.502 [http-nio-8080-exec-7] WARN  c.s.i.a.c.JwtAuthenticationController - Вход администратора под никнеймом: (test)
16.08.2021 16:12:04.841 [http-nio-8080-exec-9] WARN  c.s.i.a.f.JwtRequestFilter - JWT Token does not begin with Bearer String
16.08.2021 16:12:22.010 [http-nio-8080-exec-7] WARN  c.s.i.a.f.JwtRequestFilter - JWT Token does not begin with Bearer String
16.08.2021 16:12:22.077 [http-nio-8080-exec-7] WARN  c.s.i.a.c.JwtAuthenticationController - Вход администратора под никнеймом: (test)
16.08.2021 16:12:36.749 [http-nio-8080-exec-2] WARN  c.s.i.a.f.JwtRequestFilter - JWT Token does not begin with Bearer String
16.08.2021 16:12:36.830 [http-nio-8080-exec-2] WARN  c.s.i.a.c.JwtAuthenticationController - Вход администратора под никнеймом: (test)
16.08.2021 16:17:01.766 [http-nio-8080-exec-6] WARN  c.s.i.a.f.JwtRequestFilter - JWT Token does not begin with Bearer String
16.08.2021 16:17:49.902 [http-nio-8080-exec-10] WARN  c.s.i.a.f.JwtRequestFilter - JWT Token does not begin with Bearer String
16.08.2021 16:17:54.051 [http-nio-8080-exec-8] WARN  c.s.i.a.f.JwtRequestFilter - JWT Token does not begin with Bearer String
16.08.2021 16:17:58.517 [http-nio-8080-exec-9] WARN  c.s.i.a.f.JwtRequestFilter - JWT Token does not begin with Bearer String
16.08.2021 16:23:48.117 [http-nio-8080-exec-7] WARN  c.s.i.a.f.JwtRequestFilter - JWT Token does not begin with Bearer String
16.08.2021 16:23:50.699 [http-nio-8080-exec-5] WARN  c.s.i.a.f.JwtRequestFilter - JWT Token does not begin with Bearer String
16.08.2021 16:23:52.388 [http-nio-8080-exec-6] WARN  c.s.i.a.f.JwtRequestFilter - JWT Token does not begin with Bearer String
16.08.2021 16:24:03.287 [http-nio-8080-exec-8] WARN  c.s.i.a.f.JwtRequestFilter - JWT Token does not begin with Bearer String
16.08.2021 16:24:05.284 [http-nio-8080-exec-10] WARN  c.s.i.a.f.JwtRequestFilter - JWT Token does not begin with Bearer String
16.08.2021 16:24:05.351 [http-nio-8080-exec-10] WARN  c.s.i.a.c.JwtAuthenticationController - Вход администратора под никнеймом: (test1)
16.08.2021 16:26:41.419 [http-nio-8080-exec-8] WARN  c.s.i.a.f.JwtRequestFilter - JWT Token does not begin with Bearer String
16.08.2021 16:26:41.483 [http-nio-8080-exec-8] WARN  c.s.i.a.c.JwtAuthenticationController - Вход администратора под никнеймом: (test1)
16.08.2021 16:26:50.512 [http-nio-8080-exec-2] WARN  c.s.i.a.f.JwtRequestFilter - JWT Token does not begin with Bearer String
16.08.2021 16:26:50.573 [http-nio-8080-exec-2] WARN  c.s.i.a.c.JwtAuthenticationController - Вход администратора под никнеймом: (test1)
16.08.2021 16:27:02.429 [http-nio-8080-exec-6] WARN  c.s.i.a.f.JwtRequestFilter - JWT Token does not begin with Bearer String
16.08.2021 16:27:02.488 [http-nio-8080-exec-6] WARN  c.s.i.a.c.JwtAuthenticationController - Вход администратора под никнеймом: (test1)
16.08.2021 16:27:11.858 [http-nio-8080-exec-9] WARN  c.s.i.a.f.JwtRequestFilter - JWT Token does not begin with Bearer String
16.08.2021 16:27:11.924 [http-nio-8080-exec-9] WARN  c.s.i.a.c.JwtAuthenticationController - Вход администратора под никнеймом: (test1)
16.08.2021 16:28:25.194 [http-nio-8080-exec-7] WARN  c.s.i.a.f.JwtRequestFilter - JWT Token does not begin with Bearer String
16.08.2021 16:28:25.256 [http-nio-8080-exec-7] WARN  c.s.i.a.c.JwtAuthenticationController - Вход администратора под никнеймом: (test1)
16.08.2021 16:28:46.498 [http-nio-8080-exec-10] WARN  c.s.i.a.f.JwtRequestFilter - JWT Token does not begin with Bearer String
16.08.2021 16:28:46.558 [http-nio-8080-exec-10] WARN  c.s.i.a.c.JwtAuthenticationController - Вход администратора под никнеймом: (test1)
16.08.2021 16:30:07.181 [http-nio-8080-exec-4] WARN  c.s.i.a.f.JwtRequestFilter - JWT Token does not begin with Bearer String
16.08.2021 16:30:07.242 [http-nio-8080-exec-4] WARN  c.s.i.a.c.JwtAuthenticationController - Вход администратора под никнеймом: (test1)
16.08.2021 16:30:52.426 [http-nio-8080-exec-5] WARN  c.s.i.a.f.JwtRequestFilter - JWT Token does not begin with Bearer String
16.08.2021 16:30:52.483 [http-nio-8080-exec-5] WARN  c.s.i.a.c.JwtAuthenticationController - Вход администратора под никнеймом: (test1)
16.08.2021 16:34:25.966 [http-nio-8080-exec-8] WARN  c.s.i.a.f.JwtRequestFilter - JWT Token does not begin with Bearer String
16.08.2021 16:34:26.098 [http-nio-8080-exec-8] WARN  c.s.i.a.c.JwtAuthenticationController - Вход администратора под никнеймом: (test1)
16.08.2021 16:36:32.483 [http-nio-8080-exec-2] WARN  c.s.i.a.f.JwtRequestFilter - JWT Token does not begin with Bearer String
16.08.2021 16:36:32.545 [http-nio-8080-exec-2] WARN  c.s.i.a.c.JwtAuthenticationController - Вход администратора под никнеймом: (test1)
16.08.2021 16:37:00.419 [http-nio-8080-exec-7] WARN  c.s.i.a.f.JwtRequestFilter - JWT Token does not begin with Bearer String
16.08.2021 16:37:00.483 [http-nio-8080-exec-7] WARN  c.s.i.a.c.JwtAuthenticationController - Вход администратора под никнеймом: (test1)
16.08.2021 16:37:15.488 [http-nio-8080-exec-1] WARN  c.s.i.a.f.JwtRequestFilter - JWT Token does not begin with Bearer String
16.08.2021 16:37:15.560 [http-nio-8080-exec-1] WARN  c.s.i.a.c.JwtAuthenticationController - Вход администратора под никнеймом: (test1)
16.08.2021 16:39:48.537 [http-nio-8080-exec-5] WARN  c.s.i.a.f.JwtRequestFilter - JWT Token does not begin with Bearer String
16.08.2021 16:39:48.613 [http-nio-8080-exec-5] WARN  c.s.i.a.c.JwtAuthenticationController - Вход администратора под никнеймом: (admin)
16.08.2021 16:39:59.025 [http-nio-8080-exec-1] WARN  c.s.i.a.f.JwtRequestFilter - JWT Token does not begin with Bearer String
16.08.2021 16:39:59.087 [http-nio-8080-exec-1] WARN  c.s.i.a.c.JwtAuthenticationController - Вход администратора под никнеймом: (admin)
16.08.2021 16:41:44.401 [http-nio-8080-exec-10] WARN  c.s.i.a.f.JwtRequestFilter - JWT Token does not begin with Bearer String
16.08.2021 16:41:44.468 [http-nio-8080-exec-10] WARN  c.s.i.a.c.JwtAuthenticationController - Вход администратора под никнеймом: (admin)
16.08.2021 16:42:10.664 [http-nio-8080-exec-4] WARN  c.s.i.a.f.JwtRequestFilter - JWT Token does not begin with Bearer String
16.08.2021 16:42:10.724 [http-nio-8080-exec-4] WARN  c.s.i.a.c.JwtAuthenticationController - Вход администратора под никнеймом: (admin)
16.08.2021 16:42:13.839 [http-nio-8080-exec-1] WARN  c.s.i.a.f.JwtRequestFilter - JWT Token does not begin with Bearer String
16.08.2021 16:42:13.902 [http-nio-8080-exec-1] WARN  c.s.i.a.c.JwtAuthenticationController - Вход администратора под никнеймом: (admin)
16.08.2021 16:42:16.967 [http-nio-8080-exec-5] WARN  c.s.i.a.f.JwtRequestFilter - JWT Token does not begin with Bearer String
16.08.2021 16:42:17.027 [http-nio-8080-exec-5] WARN  c.s.i.a.c.JwtAuthenticationController - Вход администратора под никнеймом: (admin)
16.08.2021 16:42:43.549 [http-nio-8080-exec-6] WARN  c.s.i.a.f.JwtRequestFilter - JWT Token does not begin with Bearer String
16.08.2021 16:42:45.650 [http-nio-8080-exec-1] WARN  c.s.i.a.f.JwtRequestFilter - JWT Token does not begin with Bearer String
16.08.2021 16:43:02.673 [http-nio-8080-exec-8] WARN  c.s.i.a.f.JwtRequestFilter - JWT Token does not begin with Bearer String
16.08.2021 16:43:06.203 [http-nio-8080-exec-3] WARN  c.s.i.a.f.JwtRequestFilter - JWT Token does not begin with Bearer String
16.08.2021 16:43:06.265 [http-nio-8080-exec-3] WARN  c.s.i.a.c.JwtAuthenticationController - Вход администратора под никнеймом: (admin)
16.08.2021 16:48:21.566 [http-nio-8080-exec-4] WARN  c.s.i.a.f.JwtRequestFilter - JWT Token does not begin with Bearer String
16.08.2021 16:48:21.638 [http-nio-8080-exec-4] WARN  c.s.i.a.c.JwtAuthenticationController - Вход администратора под никнеймом: (admin)
16.08.2021 16:48:39.247 [http-nio-8080-exec-3] WARN  c.s.i.a.f.JwtRequestFilter - JWT Token does not begin with Bearer String
16.08.2021 16:48:39.315 [http-nio-8080-exec-3] WARN  c.s.i.a.c.JwtAuthenticationController - Вход администратора под никнеймом: (admin1)
16.08.2021 16:53:00.386 [http-nio-8080-exec-5] WARN  c.s.i.a.f.JwtRequestFilter - JWT Token does not begin with Bearer String
16.08.2021 16:54:09.994 [http-nio-8080-exec-6] WARN  c.s.i.a.f.JwtRequestFilter - JWT Token does not begin with Bearer String
16.08.2021 16:54:10.066 [http-nio-8080-exec-6] WARN  c.s.i.a.c.JwtAuthenticationController - Вход администратора под никнеймом: (admin321)
16.08.2021 17:11:56.454 [http-nio-8080-exec-9] WARN  c.s.i.a.f.JwtRequestFilter - JWT Token does not begin with Bearer String
16.08.2021 17:13:27.181 [http-nio-8080-exec-10] WARN  c.s.i.a.f.JwtRequestFilter - JWT Token does not begin with Bearer String
16.08.2021 17:13:27.247 [http-nio-8080-exec-10] WARN  c.s.i.a.c.JwtAuthenticationController - Вход администратора под никнеймом: (admin)
16.08.2021 17:13:40.732 [http-nio-8080-exec-6] WARN  c.s.i.a.f.JwtRequestFilter - JWT Token does not begin with Bearer String
16.08.2021 17:13:44.757 [http-nio-8080-exec-8] WARN  c.s.i.a.f.JwtRequestFilter - JWT Token does not begin with Bearer String
16.08.2021 17:14:04.020 [http-nio-8080-exec-9] WARN  c.s.i.a.f.JwtRequestFilter - JWT Token does not begin with Bearer String
16.08.2021 17:14:04.085 [http-nio-8080-exec-9] WARN  c.s.i.a.c.JwtAuthenticationController - Вход администратора под никнеймом: (admin)
16.08.2021 17:22:04.011 [http-nio-8080-exec-2] WARN  c.s.i.a.f.JwtRequestFilter - JWT Token does not begin with Bearer String
16.08.2021 17:22:15.371 [http-nio-8080-exec-9] WARN  c.s.i.a.f.JwtRequestFilter - JWT Token does not begin with Bearer String
16.08.2021 17:34:11.751 [http-nio-8080-exec-9] WARN  c.s.i.a.f.JwtRequestFilter - JWT Token does not begin with Bearer String
16.08.2021 17:34:30.603 [http-nio-8080-exec-5] WARN  c.s.i.a.f.JwtRequestFilter - JWT Token does not begin with Bearer String
16.08.2021 17:34:30.665 [http-nio-8080-exec-5] WARN  c.s.i.a.c.JwtAuthenticationController - Вход администратора под никнеймом: (admin)
16.08.2021 17:35:34.493 [http-nio-8080-exec-3] WARN  c.s.i.a.f.JwtRequestFilter - JWT Token does not begin with Bearer String
16.08.2021 17:35:34.554 [http-nio-8080-exec-3] WARN  c.s.i.a.c.JwtAuthenticationController - Вход администратора под никнеймом: (admin123)
16.08.2021 17:39:17.377 [http-nio-8080-exec-1] WARN  c.s.i.a.f.JwtRequestFilter - JWT Token does not begin with Bearer String
16.08.2021 17:40:51.942 [http-nio-8080-exec-6] WARN  c.s.i.a.f.JwtRequestFilter - JWT Token does not begin with Bearer String
16.08.2021 17:40:52.013 [http-nio-8080-exec-6] WARN  c.s.i.a.c.JwtAuthenticationController - Вход администратора под никнеймом: (admin)
16.08.2021 17:42:51.957 [http-nio-8080-exec-2] WARN  c.s.i.a.f.JwtRequestFilter - JWT Token does not begin with Bearer String
16.08.2021 17:42:52.537 [http-nio-8080-exec-10] WARN  c.s.i.a.f.JwtRequestFilter - JWT Token does not begin with Bearer String
16.08.2021 17:43:07.525 [http-nio-8080-exec-9] WARN  c.s.i.a.f.JwtRequestFilter - JWT Token does not begin with Bearer String
